#
# There is insufficient memory for the Java Runtime Environment to continue.
# Native memory allocation (mmap) failed to map 132120576 bytes for Failed to commit area from 0x0000000083600000 to 0x000000008b400000 of length 132120576.
# Possible reasons:
#   The system is out of physical RAM or swap space
#   The process is running with CompressedOops enabled, and the Java Heap may be blocking the growth of the native heap
# Possible solutions:
#   Reduce memory load on the system
#   Increase physical memory or swap space
#   Check if swap backing store is full
#   Decrease Java heap size (-Xmx/-Xms)
#   Decrease number of Java threads
#   Decrease Java thread stack sizes (-Xss)
#   Set larger code cache with -XX:ReservedCodeCacheSize=
# This output file may be truncated or incomplete.
#
#  Out of Memory Error (./src/hotspot/os/windows/os_windows.cpp:3380), pid=13556, tid=19368
#
# JRE version:  (11.0.12+7) (build )
# Java VM: OpenJDK 64-Bit Server VM (11.0.12+7, mixed mode, sharing, tiered, compressed oops, g1 gc, windows-amd64)
# No core dump will be written. Minidumps are not enabled by default on client versions of Windows
#

---------------  S U M M A R Y ------------

Command Line: 

Host: Intel(R) Core(TM) i5-1035G1 CPU @ 1.00GHz, 8 cores, 7G,  Windows 10 , 64 bit Build 19041 (10.0.19041.2251)
Time: Sat Nov 19 19:06:27 2022 Ô³íëÿíä³ÿ (çèìà) elapsed time: 0.026034 seconds (0d 0h 0m 0s)

---------------  T H R E A D  ---------------

Current thread (0x000002598f1eb800):  JavaThread "Unknown thread" [_thread_in_vm, id=19368, stack(0x0000007452400000,0x0000007452500000)]

Stack: [0x0000007452400000,0x0000007452500000]
Native frames: (J=compiled Java code, j=interpreted, Vv=VM code, C=native code)
V  [jvm.dll+0x6090fa]
V  [jvm.dll+0x79229e]
V  [jvm.dll+0x79396f]
V  [jvm.dll+0x794033]
V  [jvm.dll+0x24bed8]
V  [jvm.dll+0x60624a]
V  [jvm.dll+0x5facf5]
V  [jvm.dll+0x303b5c]
V  [jvm.dll+0x3039e2]
V  [jvm.dll+0x308706]
V  [jvm.dll+0x34d5cf]
V  [jvm.dll+0x34d000]
V  [jvm.dll+0x2e0c68]
V  [jvm.dll+0x2e1dc6]
V  [jvm.dll+0x76d627]
V  [jvm.dll+0x76edaf]
V  [jvm.dll+0x35a359]
V  [jvm.dll+0x750710]
V  [jvm.dll+0x3c1f8f]
V  [jvm.dll+0x3c4461]
C  [jli.dll+0x5207]
C  [ucrtbase.dll+0x21bb2]
C  [KERNEL32.DLL+0x174b4]
C  [ntdll.dll+0x526a1]


---------------  P R O C E S S  ---------------

Threads class SMR info:
_java_thread_list=0x000002598d001140, length=0, elements={
}

Java Threads: ( => current thread )

Other Threads:
  0x000002598f202000 GCTaskThread "GC Thread#0" [stack: 0x0000007452500000,0x0000007452600000] [id=28556]
  0x000002598f234000 ConcurrentGCThread "G1 Main Marker" [stack: 0x0000007452600000,0x0000007452700000] [id=20164]
  0x000002598f237800 ConcurrentGCThread "G1 Conc#0" [stack: 0x0000007452700000,0x0000007452800000] [id=9968]

[error occurred during error reporting (printing all threads), id 0xc0000005, EXCEPTION_ACCESS_VIOLATION (0xc0000005) at pc=0x00007fffd7250337]

VM state:not at safepoint (not fully initialized)

VM Mutex/Monitor currently owned by a thread:  ([mutex/lock_event])
[0x000002598f1e8080] Heap_lock - owner thread: 0x000002598f1eb800

Heap address: 0x0000000083600000, size: 1994 MB, Compressed Oops mode: Non-zero based: 0x0000000083600000
Narrow klass base: 0x0000000000000000, Narrow klass shift: 0

GC Heap History (0 events):
No events

Deoptimization events (0 events):
No events

Classes redefined (0 events):
No events

Internal exceptions (0 events):
No events

Events (1 events):
Event: 0.016 Loaded shared library C:\Program Files\Microsoft\jdk-11.0.12.7-hotspot\bin\zip.dll


Dynamic libraries:
0x00007ff6f4dc0000 - 0x00007ff6f4dcd000 	C:\Program Files\Microsoft\jdk-11.0.12.7-hotspot\bin\java.exe
0x00007ff8b4eb0000 - 0x00007ff8b50a8000 	C:\WINDOWS\SYSTEM32\ntdll.dll
0x00007ff8b3af0000 - 0x00007ff8b3baf000 	C:\WINDOWS\System32\KERNEL32.DLL
0x00007ff8b28c0000 - 0x00007ff8b2b92000 	C:\WINDOWS\System32\KERNELBASE.dll
0x00007ff8b27c0000 - 0x00007ff8b28c0000 	C:\WINDOWS\System32\ucrtbase.dll
0x00007fffd86c0000 - 0x00007fffd86d5000 	C:\Program Files\Microsoft\jdk-11.0.12.7-hotspot\bin\VCRUNTIME140.dll
0x00007fffd86a0000 - 0x00007fffd86b7000 	C:\Program Files\Microsoft\jdk-11.0.12.7-hotspot\bin\jli.dll
0x00007ff8b3920000 - 0x00007ff8b3abd000 	C:\WINDOWS\System32\USER32.dll
0x00007ff8b25b0000 - 0x00007ff8b25d2000 	C:\WINDOWS\System32\win32u.dll
0x00007ff8b2f00000 - 0x00007ff8b2f2b000 	C:\WINDOWS\System32\GDI32.dll
0x00007ff891720000 - 0x00007ff8919ba000 	C:\WINDOWS\WinSxS\amd64_microsoft.windows.common-controls_6595b64144ccf1df_6.0.19041.1110_none_60b5254171f9507e\COMCTL32.dll
0x00007ff8b2ba0000 - 0x00007ff8b2caf000 	C:\WINDOWS\System32\gdi32full.dll
0x00007ff8b4cf0000 - 0x00007ff8b4d8e000 	C:\WINDOWS\System32\msvcrt.dll
0x00007ff8b25e0000 - 0x00007ff8b267d000 	C:\WINDOWS\System32\msvcp_win.dll
0x00007ff8b33d0000 - 0x00007ff8b3402000 	C:\WINDOWS\System32\IMM32.DLL
0x00007fffd8600000 - 0x00007fffd869b000 	C:\Program Files\Microsoft\jdk-11.0.12.7-hotspot\bin\msvcp140.dll
0x00007fffd6f60000 - 0x00007fffd7ac1000 	C:\Program Files\Microsoft\jdk-11.0.12.7-hotspot\bin\server\jvm.dll
0x00007ff8b4be0000 - 0x00007ff8b4c8e000 	C:\WINDOWS\System32\ADVAPI32.dll
0x00007ff8b3880000 - 0x00007ff8b391c000 	C:\WINDOWS\System32\sechost.dll
0x00007ff8b2f30000 - 0x00007ff8b3055000 	C:\WINDOWS\System32\RPCRT4.dll
0x00007ff8b3bb0000 - 0x00007ff8b3bb8000 	C:\WINDOWS\System32\PSAPI.DLL
0x00007ff8941b0000 - 0x00007ff8941d7000 	C:\WINDOWS\SYSTEM32\WINMM.dll
0x00007ff887b40000 - 0x00007ff887b49000 	C:\WINDOWS\SYSTEM32\WSOCK32.dll
0x00007ff8b3c20000 - 0x00007ff8b3c8b000 	C:\WINDOWS\System32\WS2_32.dll
0x00007ff8ab8c0000 - 0x00007ff8ab8ca000 	C:\WINDOWS\SYSTEM32\VERSION.dll
0x00007ff8b0e00000 - 0x00007ff8b0e12000 	C:\WINDOWS\SYSTEM32\kernel.appcore.dll
0x00007ff8671c0000 - 0x00007ff8671d0000 	C:\Program Files\Microsoft\jdk-11.0.12.7-hotspot\bin\verify.dll
0x00007ff8b0220000 - 0x00007ff8b0404000 	C:\WINDOWS\SYSTEM32\DBGHELP.DLL
0x00007ff890e70000 - 0x00007ff890e9c000 	C:\WINDOWS\SYSTEM32\dbgcore.DLL
0x00007ff8b2680000 - 0x00007ff8b2702000 	C:\WINDOWS\System32\bcryptPrimitives.dll
0x00007fffd85d0000 - 0x00007fffd85f8000 	C:\Program Files\Microsoft\jdk-11.0.12.7-hotspot\bin\java.dll
0x00007ff850e90000 - 0x00007ff850e9a000 	C:\Program Files\Microsoft\jdk-11.0.12.7-hotspot\bin\jimage.dll
0x00007fffd85b0000 - 0x00007fffd85c7000 	C:\Program Files\Microsoft\jdk-11.0.12.7-hotspot\bin\zip.dll

dbghelp: loaded successfully - version: 4.0.5 - missing functions: none
symbol engine: initialized successfully - sym options: 0x614 - pdb path: .;C:\Program Files\Microsoft\jdk-11.0.12.7-hotspot\bin;C:\WINDOWS\SYSTEM32;C:\WINDOWS\WinSxS\amd64_microsoft.windows.common-controls_6595b64144ccf1df_6.0.19041.1110_none_60b5254171f9507e;C:\Program Files\Microsoft\jdk-11.0.12.7-hotspot\bin\server

VM Arguments:
java_command: <unknown>
java_class_path (initial): <not set>
Launcher Type: SUN_STANDARD

[Global flags]
     intx CICompilerCount                          = 4                                         {product} {ergonomic}
     uint ConcGCThreads                            = 2                                         {product} {ergonomic}
     uint G1ConcRefinementThreads                  = 8                                         {product} {ergonomic}
   size_t G1HeapRegionSize                         = 1048576                                   {product} {ergonomic}
    uintx GCDrainStackTargetSize                   = 64                                        {product} {ergonomic}
   size_t InitialHeapSize                          = 132120576                                 {product} {ergonomic}
   size_t MarkStackSize                            = 4194304                                   {product} {ergonomic}
   size_t MaxHeapSize                              = 2090860544                                {product} {ergonomic}
   size_t MinHeapDeltaBytes                        = 1048576                                   {product} {ergonomic}
    uintx NonNMethodCodeHeapSize                   = 5836300                                {pd product} {ergonomic}
    uintx NonProfiledCodeHeapSize                  = 122910970                              {pd product} {ergonomic}
    uintx ProfiledCodeHeapSize                     = 122910970                              {pd product} {ergonomic}
    uintx ReservedCodeCacheSize                    = 251658240                              {pd product} {ergonomic}
     bool SegmentedCodeCache                       = true                                      {product} {ergonomic}
     bool UseCompressedClassPointers               = true                                 {lp64_product} {ergonomic}
     bool UseCompressedOops                        = true                                 {lp64_product} {ergonomic}
     bool UseG1GC                                  = true                                      {product} {ergonomic}
     bool UseLargePagesIndividualAllocation        = false                                  {pd product} {ergonomic}

Logging:
Log output configuration:
 #0: stdout all=warning uptime,level,tags
 #1: stderr all=off uptime,level,tags

Environment Variables:
PATH=C:\Program Files\Microsoft\jdk-11.0.12.7-hotspot\bin;C:\WINDOWS\system32;C:\WINDOWS;C:\WINDOWS\System32\Wbem;C:\WINDOWS\System32\WindowsPowerShell\v1.0\;C:\WINDOWS\System32\OpenSSH\;C:\Program Files\Microsoft SQL Server\150\Tools\Binn\;C:\Program Files\Microsoft SQL Server\Client SDK\ODBC\170\Tools\Binn\;C:\Program Files\dotnet\;C:\Program Files\Git\cmd;C:\Users\²ÑÌ\AppData\Local\Microsoft\WindowsApps;C:\Users\²ÑÌ\AppData\Local\Programs\MiKTeX\miktex\bin\x64\;C:\Users\²ÑÌ\.dotnet\tools
USERNAME=²ÑÌ
OS=Windows_NT
PROCESSOR_IDENTIFIER=Intel64 Family 6 Model 126 Stepping 5, GenuineIntel



---------------  S Y S T E M  ---------------

OS: Windows 10 , 64 bit Build 19041 (10.0.19041.2251)
OS uptime: 5 days 23:48 hours

CPU:total 8 (initial active 8) (4 cores per cpu, 2 threads per core) family 6 model 126 stepping 5 microcode 0xa0, cmov, cx8, fxsr, mmx, sse, sse2, sse3, ssse3, sse4.1, sse4.2, popcnt, avx, avx2, aes, clmul, erms, 3dnowpref, lzcnt, ht, tsc, tscinvbit, bmi1, bmi2, adx, evex, sha, fma

Memory: 4k page, system-wide physical 7973M (498M free)
TotalPageFile size 24661M (AvailPageFile size 13M)
current process WorkingSet (physical memory assigned to process): 10M, peak: 10M
current process commit charge ("private bytes"): 60M, peak: 186M

vm_info: OpenJDK 64-Bit Server VM (11.0.12+7) for windows-amd64 JRE (11.0.12+7), built on Jul 21 2021 15:41:43 by "" with unknown MS VC++:1916

END.
